01-Dec-2018 09:34:12.910 信息 [main] org.apache.catalina.startup.VersionLoggerListener.log Server version:        Apache Tomcat/8.5.30
01-Dec-2018 09:34:12.910 信息 [main] org.apache.catalina.startup.VersionLoggerListener.log Server built:          Apr 3 2018 20:04:09 UTC
01-Dec-2018 09:34:12.910 信息 [main] org.apache.catalina.startup.VersionLoggerListener.log Server number:         8.5.30.0
01-Dec-2018 09:34:12.910 信息 [main] org.apache.catalina.startup.VersionLoggerListener.log OS Name:               Windows 7
01-Dec-2018 09:34:12.910 信息 [main] org.apache.catalina.startup.VersionLoggerListener.log OS Version:            6.1
01-Dec-2018 09:34:12.910 信息 [main] org.apache.catalina.startup.VersionLoggerListener.log Architecture:          amd64
01-Dec-2018 09:34:12.910 信息 [main] org.apache.catalina.startup.VersionLoggerListener.log Java Home:             C:\Program Files\Java\jdk1.8.0_191\jre
01-Dec-2018 09:34:12.910 信息 [main] org.apache.catalina.startup.VersionLoggerListener.log JVM Version:           1.8.0_191-b12
01-Dec-2018 09:34:12.910 信息 [main] org.apache.catalina.startup.VersionLoggerListener.log JVM Vendor:            Oracle Corporation
01-Dec-2018 09:34:12.910 信息 [main] org.apache.catalina.startup.VersionLoggerListener.log CATALINA_BASE:         C:\Users\Administrator\.IntelliJIdea2018.3\system\tomcat\Tomcat_8_5_30_jshERP
01-Dec-2018 09:34:12.910 信息 [main] org.apache.catalina.startup.VersionLoggerListener.log CATALINA_HOME:         D:\language\development\tomcat\apache-tomcat-8.5.30
01-Dec-2018 09:34:12.910 信息 [main] org.apache.catalina.startup.VersionLoggerListener.log Command line argument: -Djava.util.logging.config.file=C:\Users\Administrator\.IntelliJIdea2018.3\system\tomcat\Tomcat_8_5_30_jshERP\conf\logging.properties
01-Dec-2018 09:34:12.910 信息 [main] org.apache.catalina.startup.VersionLoggerListener.log Command line argument: -Djava.util.logging.manager=org.apache.juli.ClassLoaderLogManager
01-Dec-2018 09:34:12.910 信息 [main] org.apache.catalina.startup.VersionLoggerListener.log Command line argument: -Dcom.sun.management.jmxremote=
01-Dec-2018 09:34:12.910 信息 [main] org.apache.catalina.startup.VersionLoggerListener.log Command line argument: -Dcom.sun.management.jmxremote.port=1099
01-Dec-2018 09:34:12.910 信息 [main] org.apache.catalina.startup.VersionLoggerListener.log Command line argument: -Dcom.sun.management.jmxremote.ssl=false
01-Dec-2018 09:34:12.910 信息 [main] org.apache.catalina.startup.VersionLoggerListener.log Command line argument: -Dcom.sun.management.jmxremote.authenticate=false
01-Dec-2018 09:34:12.910 信息 [main] org.apache.catalina.startup.VersionLoggerListener.log Command line argument: -Djava.rmi.server.hostname=127.0.0.1
01-Dec-2018 09:34:12.910 信息 [main] org.apache.catalina.startup.VersionLoggerListener.log Command line argument: -Djdk.tls.ephemeralDHKeySize=2048
01-Dec-2018 09:34:12.910 信息 [main] org.apache.catalina.startup.VersionLoggerListener.log Command line argument: -Djava.protocol.handler.pkgs=org.apache.catalina.webresources
01-Dec-2018 09:34:12.910 信息 [main] org.apache.catalina.startup.VersionLoggerListener.log Command line argument: -Dignore.endorsed.dirs=
01-Dec-2018 09:34:12.910 信息 [main] org.apache.catalina.startup.VersionLoggerListener.log Command line argument: -Dcatalina.base=C:\Users\Administrator\.IntelliJIdea2018.3\system\tomcat\Tomcat_8_5_30_jshERP
01-Dec-2018 09:34:12.920 信息 [main] org.apache.catalina.startup.VersionLoggerListener.log Command line argument: -Dcatalina.home=D:\language\development\tomcat\apache-tomcat-8.5.30
01-Dec-2018 09:34:12.920 信息 [main] org.apache.catalina.startup.VersionLoggerListener.log Command line argument: -Djava.io.tmpdir=D:\language\development\tomcat\apache-tomcat-8.5.30\temp
01-Dec-2018 09:34:12.920 信息 [main] org.apache.catalina.core.AprLifecycleListener.lifecycleEvent Loaded APR based Apache Tomcat Native library [1.2.16] using APR version [1.6.3].
01-Dec-2018 09:34:12.920 信息 [main] org.apache.catalina.core.AprLifecycleListener.lifecycleEvent APR capabilities: IPv6 [true], sendfile [true], accept filters [false], random [true].
01-Dec-2018 09:34:12.920 信息 [main] org.apache.catalina.core.AprLifecycleListener.lifecycleEvent APR/OpenSSL configuration: useAprConnector [false], useOpenSSL [true]
01-Dec-2018 09:34:13.960 信息 [main] org.apache.catalina.core.AprLifecycleListener.initializeSSL OpenSSL successfully initialized [OpenSSL 1.0.2m  2 Nov 2017]
01-Dec-2018 09:34:14.150 信息 [main] org.apache.coyote.AbstractProtocol.init Initializing ProtocolHandler ["http-nio-8080"]
01-Dec-2018 09:34:14.170 信息 [main] org.apache.tomcat.util.net.NioSelectorPool.getSharedSelector Using a shared selector for servlet write/read
01-Dec-2018 09:34:14.180 信息 [main] org.apache.coyote.AbstractProtocol.init Initializing ProtocolHandler ["ajp-nio-8009"]
01-Dec-2018 09:34:14.190 信息 [main] org.apache.tomcat.util.net.NioSelectorPool.getSharedSelector Using a shared selector for servlet write/read
01-Dec-2018 09:34:14.190 信息 [main] org.apache.catalina.startup.Catalina.load Initialization processed in 1911 ms
01-Dec-2018 09:34:14.230 信息 [main] org.apache.catalina.core.StandardService.startInternal Starting service [Catalina]
01-Dec-2018 09:34:14.230 信息 [main] org.apache.catalina.core.StandardEngine.startInternal Starting Servlet Engine: Apache Tomcat/8.5.30
01-Dec-2018 09:34:14.250 信息 [main] org.apache.coyote.AbstractProtocol.start Starting ProtocolHandler ["http-nio-8080"]
01-Dec-2018 09:34:14.260 信息 [main] org.apache.coyote.AbstractProtocol.start Starting ProtocolHandler ["ajp-nio-8009"]
01-Dec-2018 09:34:14.270 信息 [main] org.apache.catalina.startup.Catalina.start Server startup in 77 ms
01-Dec-2018 09:34:17.990 信息 [RMI TCP Connection(3)-127.0.0.1] org.apache.jasper.servlet.TldScanner.scanJars At least one JAR was scanned for TLDs yet contained no TLDs. Enable debug logging for this logger for a complete list of JARs that were scanned but no TLDs were found in them. Skipping unneeded JARs during scanning can improve startup time and JSP compilation time.
01-Dec-2018 09:34:24.250 信息 [localhost-startStop-1] org.apache.catalina.startup.HostConfig.deployDirectory Deploying web application directory [D:\language\development\tomcat\apache-tomcat-8.5.30\webapps\manager]
01-Dec-2018 09:34:24.430 信息 [localhost-startStop-1] org.apache.catalina.startup.HostConfig.deployDirectory Deployment of web application directory [D:\language\development\tomcat\apache-tomcat-8.5.30\webapps\manager] has finished in [180] ms
01-Dec-2018 11:09:12.606 信息 [main] org.apache.catalina.core.StandardServer.await A valid shutdown command was received via the shutdown port. Stopping the Server instance.
01-Dec-2018 11:09:12.610 信息 [main] org.apache.coyote.AbstractProtocol.pause Pausing ProtocolHandler ["http-nio-8080"]
01-Dec-2018 11:09:12.713 信息 [main] org.apache.coyote.AbstractProtocol.pause Pausing ProtocolHandler ["ajp-nio-8009"]
01-Dec-2018 11:09:12.814 信息 [main] org.apache.catalina.core.StandardService.stopInternal Stopping service [Catalina]
01-Dec-2018 11:09:12.855 警告 [localhost-startStop-2] org.apache.catalina.loader.WebappClassLoaderBase.clearReferencesJdbc The web application [jshERP_war_exploded] registered the JDBC driver [com.mysql.jdbc.Driver] but failed to unregister it when the web application was stopped. To prevent a memory leak, the JDBC Driver has been forcibly unregistered.
01-Dec-2018 11:09:12.869 信息 [main] org.apache.coyote.AbstractProtocol.stop Stopping ProtocolHandler ["http-nio-8080"]
01-Dec-2018 11:09:12.871 信息 [main] org.apache.coyote.AbstractProtocol.stop Stopping ProtocolHandler ["ajp-nio-8009"]
01-Dec-2018 11:09:12.873 信息 [main] org.apache.coyote.AbstractProtocol.destroy Destroying ProtocolHandler ["http-nio-8080"]
01-Dec-2018 11:09:12.874 信息 [main] org.apache.coyote.AbstractProtocol.destroy Destroying ProtocolHandler ["ajp-nio-8009"]
01-Dec-2018 11:09:39.219 信息 [main] org.apache.catalina.startup.VersionLoggerListener.log Server version:        Apache Tomcat/8.5.30
01-Dec-2018 11:09:39.224 信息 [main] org.apache.catalina.startup.VersionLoggerListener.log Server built:          Apr 3 2018 20:04:09 UTC
01-Dec-2018 11:09:39.225 信息 [main] org.apache.catalina.startup.VersionLoggerListener.log Server number:         8.5.30.0
01-Dec-2018 11:09:39.225 信息 [main] org.apache.catalina.startup.VersionLoggerListener.log OS Name:               Windows 7
01-Dec-2018 11:09:39.225 信息 [main] org.apache.catalina.startup.VersionLoggerListener.log OS Version:            6.1
01-Dec-2018 11:09:39.225 信息 [main] org.apache.catalina.startup.VersionLoggerListener.log Architecture:          amd64
01-Dec-2018 11:09:39.225 信息 [main] org.apache.catalina.startup.VersionLoggerListener.log Java Home:             C:\Program Files\Java\jdk1.8.0_191\jre
01-Dec-2018 11:09:39.225 信息 [main] org.apache.catalina.startup.VersionLoggerListener.log JVM Version:           1.8.0_191-b12
01-Dec-2018 11:09:39.226 信息 [main] org.apache.catalina.startup.VersionLoggerListener.log JVM Vendor:            Oracle Corporation
01-Dec-2018 11:09:39.226 信息 [main] org.apache.catalina.startup.VersionLoggerListener.log CATALINA_BASE:         C:\Users\Administrator\.IntelliJIdea2018.3\system\tomcat\Tomcat_8_5_30_jshERP
01-Dec-2018 11:09:39.226 信息 [main] org.apache.catalina.startup.VersionLoggerListener.log CATALINA_HOME:         D:\language\development\tomcat\apache-tomcat-8.5.30
01-Dec-2018 11:09:39.227 信息 [main] org.apache.catalina.startup.VersionLoggerListener.log Command line argument: -Djava.util.logging.config.file=C:\Users\Administrator\.IntelliJIdea2018.3\system\tomcat\Tomcat_8_5_30_jshERP\conf\logging.properties
01-Dec-2018 11:09:39.227 信息 [main] org.apache.catalina.startup.VersionLoggerListener.log Command line argument: -Djava.util.logging.manager=org.apache.juli.ClassLoaderLogManager
01-Dec-2018 11:09:39.227 信息 [main] org.apache.catalina.startup.VersionLoggerListener.log Command line argument: -agentlib:jdwp=transport=dt_socket,address=127.0.0.1:51585,suspend=y,server=n
01-Dec-2018 11:09:39.228 信息 [main] org.apache.catalina.startup.VersionLoggerListener.log Command line argument: -javaagent:C:\Users\Administrator\.IntelliJIdea2018.3\system\captureAgent\debugger-agent.jar
01-Dec-2018 11:09:39.228 信息 [main] org.apache.catalina.startup.VersionLoggerListener.log Command line argument: -Dcom.sun.management.jmxremote=
01-Dec-2018 11:09:39.228 信息 [main] org.apache.catalina.startup.VersionLoggerListener.log Command line argument: -Dcom.sun.management.jmxremote.port=1099
01-Dec-2018 11:09:39.228 信息 [main] org.apache.catalina.startup.VersionLoggerListener.log Command line argument: -Dcom.sun.management.jmxremote.ssl=false
01-Dec-2018 11:09:39.229 信息 [main] org.apache.catalina.startup.VersionLoggerListener.log Command line argument: -Dcom.sun.management.jmxremote.authenticate=false
01-Dec-2018 11:09:39.229 信息 [main] org.apache.catalina.startup.VersionLoggerListener.log Command line argument: -Djava.rmi.server.hostname=127.0.0.1
01-Dec-2018 11:09:39.229 信息 [main] org.apache.catalina.startup.VersionLoggerListener.log Command line argument: -Djdk.tls.ephemeralDHKeySize=2048
01-Dec-2018 11:09:39.229 信息 [main] org.apache.catalina.startup.VersionLoggerListener.log Command line argument: -Djava.protocol.handler.pkgs=org.apache.catalina.webresources
01-Dec-2018 11:09:39.229 信息 [main] org.apache.catalina.startup.VersionLoggerListener.log Command line argument: -Dignore.endorsed.dirs=
01-Dec-2018 11:09:39.229 信息 [main] org.apache.catalina.startup.VersionLoggerListener.log Command line argument: -Dcatalina.base=C:\Users\Administrator\.IntelliJIdea2018.3\system\tomcat\Tomcat_8_5_30_jshERP
01-Dec-2018 11:09:39.230 信息 [main] org.apache.catalina.startup.VersionLoggerListener.log Command line argument: -Dcatalina.home=D:\language\development\tomcat\apache-tomcat-8.5.30
01-Dec-2018 11:09:39.231 信息 [main] org.apache.catalina.startup.VersionLoggerListener.log Command line argument: -Djava.io.tmpdir=D:\language\development\tomcat\apache-tomcat-8.5.30\temp
01-Dec-2018 11:09:39.231 信息 [main] org.apache.catalina.core.AprLifecycleListener.lifecycleEvent Loaded APR based Apache Tomcat Native library [1.2.16] using APR version [1.6.3].
01-Dec-2018 11:09:39.231 信息 [main] org.apache.catalina.core.AprLifecycleListener.lifecycleEvent APR capabilities: IPv6 [true], sendfile [true], accept filters [false], random [true].
01-Dec-2018 11:09:39.231 信息 [main] org.apache.catalina.core.AprLifecycleListener.lifecycleEvent APR/OpenSSL configuration: useAprConnector [false], useOpenSSL [true]
01-Dec-2018 11:09:40.290 信息 [main] org.apache.catalina.core.AprLifecycleListener.initializeSSL OpenSSL successfully initialized [OpenSSL 1.0.2m  2 Nov 2017]
01-Dec-2018 11:09:40.503 信息 [main] org.apache.coyote.AbstractProtocol.init Initializing ProtocolHandler ["http-nio-8080"]
01-Dec-2018 11:09:40.531 信息 [main] org.apache.tomcat.util.net.NioSelectorPool.getSharedSelector Using a shared selector for servlet write/read
01-Dec-2018 11:09:40.545 信息 [main] org.apache.coyote.AbstractProtocol.init Initializing ProtocolHandler ["ajp-nio-8009"]
01-Dec-2018 11:09:40.549 信息 [main] org.apache.tomcat.util.net.NioSelectorPool.getSharedSelector Using a shared selector for servlet write/read
01-Dec-2018 11:09:40.550 信息 [main] org.apache.catalina.startup.Catalina.load Initialization processed in 2004 ms
01-Dec-2018 11:09:40.607 信息 [main] org.apache.catalina.core.StandardService.startInternal Starting service [Catalina]
01-Dec-2018 11:09:40.607 信息 [main] org.apache.catalina.core.StandardEngine.startInternal Starting Servlet Engine: Apache Tomcat/8.5.30
01-Dec-2018 11:09:40.622 信息 [main] org.apache.coyote.AbstractProtocol.start Starting ProtocolHandler ["http-nio-8080"]
01-Dec-2018 11:09:40.640 信息 [main] org.apache.coyote.AbstractProtocol.start Starting ProtocolHandler ["ajp-nio-8009"]
01-Dec-2018 11:09:40.645 信息 [main] org.apache.catalina.startup.Catalina.start Server startup in 95 ms
01-Dec-2018 11:09:44.746 信息 [RMI TCP Connection(2)-127.0.0.1] org.apache.jasper.servlet.TldScanner.scanJars At least one JAR was scanned for TLDs yet contained no TLDs. Enable debug logging for this logger for a complete list of JARs that were scanned but no TLDs were found in them. Skipping unneeded JARs during scanning can improve startup time and JSP compilation time.
01-Dec-2018 11:09:50.623 信息 [localhost-startStop-1] org.apache.catalina.startup.HostConfig.deployDirectory Deploying web application directory [D:\language\development\tomcat\apache-tomcat-8.5.30\webapps\manager]
01-Dec-2018 11:09:50.827 信息 [localhost-startStop-1] org.apache.jasper.servlet.TldScanner.scanJars At least one JAR was scanned for TLDs yet contained no TLDs. Enable debug logging for this logger for a complete list of JARs that were scanned but no TLDs were found in them. Skipping unneeded JARs during scanning can improve startup time and JSP compilation time.
01-Dec-2018 11:09:50.874 信息 [localhost-startStop-1] org.apache.catalina.startup.HostConfig.deployDirectory Deployment of web application directory [D:\language\development\tomcat\apache-tomcat-8.5.30\webapps\manager] has finished in [249] ms
01-Dec-2018 23:12:46.009 信息 [main] org.apache.catalina.core.StandardServer.await A valid shutdown command was received via the shutdown port. Stopping the Server instance.
01-Dec-2018 23:12:46.009 信息 [main] org.apache.coyote.AbstractProtocol.pause Pausing ProtocolHandler ["http-nio-8080"]
01-Dec-2018 23:12:46.109 信息 [main] org.apache.coyote.AbstractProtocol.pause Pausing ProtocolHandler ["ajp-nio-8009"]
01-Dec-2018 23:12:46.209 信息 [main] org.apache.catalina.core.StandardService.stopInternal Stopping service [Catalina]
01-Dec-2018 23:12:46.249 警告 [localhost-startStop-2] org.apache.catalina.loader.WebappClassLoaderBase.clearReferencesJdbc The web application [jshERP_war_exploded] registered the JDBC driver [com.mysql.jdbc.Driver] but failed to unregister it when the web application was stopped. To prevent a memory leak, the JDBC Driver has been forcibly unregistered.
01-Dec-2018 23:12:46.259 信息 [main] org.apache.coyote.AbstractProtocol.stop Stopping ProtocolHandler ["http-nio-8080"]
01-Dec-2018 23:12:46.259 信息 [main] org.apache.coyote.AbstractProtocol.stop Stopping ProtocolHandler ["ajp-nio-8009"]
01-Dec-2018 23:12:46.259 信息 [main] org.apache.coyote.AbstractProtocol.destroy Destroying ProtocolHandler ["http-nio-8080"]
01-Dec-2018 23:12:46.259 信息 [main] org.apache.coyote.AbstractProtocol.destroy Destroying ProtocolHandler ["ajp-nio-8009"]
