2018-12-16T13:12:18: VaultClient::WriteCredential
2018-12-16T13:12:18: VaultClient::WriteCredential
2018-12-16T13:12:18: VaultClient::WriteCredential
2018-12-16T13:12:18: VaultClient::WriteCredential
2018-12-16T13:12:18: VaultClient::WriteCredential
2018-12-16T13:12:18: VaultClient::WriteCredential
2018-12-16T13:12:18: VaultClient::ReadCredentials
2018-12-16T13:12:19: VaultClient::ReadCredentials
2018-12-16T13:50:35: Could not obtain git dir, C:\Users\Administrator\AppData\Local\SourceTree\app-3.0.12 is not a git repo.
2018-12-16T13:50:35: Could not obtain git dir, C:\Users\Administrator\AppData\Local\SourceTree is not a git repo.
2018-12-16T13:50:35: Could not obtain git dir, C:\Users\Administrator\AppData\Local is not a git repo.
2018-12-16T13:50:35: Could not obtain git dir, C:\Users\Administrator\AppData is not a git repo.
2018-12-16T13:50:35: Could not obtain git dir, C:\Users\Administrator is not a git repo.
2018-12-16T13:50:35: Could not obtain git dir, C:\Users is not a git repo.
2018-12-16T13:50:35: Could not obtain git dir, C:\ is not a git repo.
2018-12-16T13:51:21: VaultClient::ReadCredentials
2018-12-16T13:51:21: VaultClient::ReadCredentials
2018-12-16T13:51:26: VaultClient::ReadCredentials
2018-12-16T13:51:26: VaultClient::ReadCredentials
2018-12-16T13:51:28: VaultClient::ReadCredentials
2018-12-16T13:51:30: VaultClient::ReadCredentials
2018-12-16T13:53:04: Could not obtain git dir, D:\language\project\erp\demo is not a git repo.
2018-12-16T13:53:52: Could not obtain git dir, C:\Users\Administrator\Desktop\webwxgetmsgimg (1).jpg is not a git repo.
