08-Dec-2018 21:54:57.514 信息 [main] org.apache.catalina.startup.VersionLoggerListener.log Server version:        Apache Tomcat/8.5.30
08-Dec-2018 21:54:57.524 信息 [main] org.apache.catalina.startup.VersionLoggerListener.log Server built:          Apr 3 2018 20:04:09 UTC
08-Dec-2018 21:54:57.524 信息 [main] org.apache.catalina.startup.VersionLoggerListener.log Server number:         8.5.30.0
08-Dec-2018 21:54:57.524 信息 [main] org.apache.catalina.startup.VersionLoggerListener.log OS Name:               Windows 7
08-Dec-2018 21:54:57.524 信息 [main] org.apache.catalina.startup.VersionLoggerListener.log OS Version:            6.1
08-Dec-2018 21:54:57.524 信息 [main] org.apache.catalina.startup.VersionLoggerListener.log Architecture:          amd64
08-Dec-2018 21:54:57.524 信息 [main] org.apache.catalina.startup.VersionLoggerListener.log Java Home:             C:\Program Files\Java\jdk1.8.0_191\jre
08-Dec-2018 21:54:57.524 信息 [main] org.apache.catalina.startup.VersionLoggerListener.log JVM Version:           1.8.0_191-b12
08-Dec-2018 21:54:57.524 信息 [main] org.apache.catalina.startup.VersionLoggerListener.log JVM Vendor:            Oracle Corporation
08-Dec-2018 21:54:57.524 信息 [main] org.apache.catalina.startup.VersionLoggerListener.log CATALINA_BASE:         C:\Users\Administrator\.IntelliJIdea2018.3\system\tomcat\Unnamed_untitled
08-Dec-2018 21:54:57.524 信息 [main] org.apache.catalina.startup.VersionLoggerListener.log CATALINA_HOME:         D:\language\development\tomcat\apache-tomcat-8.5.30
08-Dec-2018 21:54:57.524 信息 [main] org.apache.catalina.startup.VersionLoggerListener.log Command line argument: -Djava.util.logging.config.file=C:\Users\Administrator\.IntelliJIdea2018.3\system\tomcat\Unnamed_untitled\conf\logging.properties
08-Dec-2018 21:54:57.524 信息 [main] org.apache.catalina.startup.VersionLoggerListener.log Command line argument: -Djava.util.logging.manager=org.apache.juli.ClassLoaderLogManager
08-Dec-2018 21:54:57.524 信息 [main] org.apache.catalina.startup.VersionLoggerListener.log Command line argument: -Dcom.sun.management.jmxremote=
08-Dec-2018 21:54:57.524 信息 [main] org.apache.catalina.startup.VersionLoggerListener.log Command line argument: -Dcom.sun.management.jmxremote.port=1098
08-Dec-2018 21:54:57.524 信息 [main] org.apache.catalina.startup.VersionLoggerListener.log Command line argument: -Dcom.sun.management.jmxremote.ssl=false
08-Dec-2018 21:54:57.524 信息 [main] org.apache.catalina.startup.VersionLoggerListener.log Command line argument: -Dcom.sun.management.jmxremote.authenticate=false
08-Dec-2018 21:54:57.524 信息 [main] org.apache.catalina.startup.VersionLoggerListener.log Command line argument: -Djava.rmi.server.hostname=127.0.0.1
08-Dec-2018 21:54:57.524 信息 [main] org.apache.catalina.startup.VersionLoggerListener.log Command line argument: -Djdk.tls.ephemeralDHKeySize=2048
08-Dec-2018 21:54:57.524 信息 [main] org.apache.catalina.startup.VersionLoggerListener.log Command line argument: -Djava.protocol.handler.pkgs=org.apache.catalina.webresources
08-Dec-2018 21:54:57.524 信息 [main] org.apache.catalina.startup.VersionLoggerListener.log Command line argument: -Dignore.endorsed.dirs=
08-Dec-2018 21:54:57.524 信息 [main] org.apache.catalina.startup.VersionLoggerListener.log Command line argument: -Dcatalina.base=C:\Users\Administrator\.IntelliJIdea2018.3\system\tomcat\Unnamed_untitled
08-Dec-2018 21:54:57.524 信息 [main] org.apache.catalina.startup.VersionLoggerListener.log Command line argument: -Dcatalina.home=D:\language\development\tomcat\apache-tomcat-8.5.30
08-Dec-2018 21:54:57.524 信息 [main] org.apache.catalina.startup.VersionLoggerListener.log Command line argument: -Djava.io.tmpdir=D:\language\development\tomcat\apache-tomcat-8.5.30\temp
08-Dec-2018 21:54:57.524 信息 [main] org.apache.catalina.core.AprLifecycleListener.lifecycleEvent Loaded APR based Apache Tomcat Native library [1.2.16] using APR version [1.6.3].
08-Dec-2018 21:54:57.524 信息 [main] org.apache.catalina.core.AprLifecycleListener.lifecycleEvent APR capabilities: IPv6 [true], sendfile [true], accept filters [false], random [true].
08-Dec-2018 21:54:57.534 信息 [main] org.apache.catalina.core.AprLifecycleListener.lifecycleEvent APR/OpenSSL configuration: useAprConnector [false], useOpenSSL [true]
08-Dec-2018 21:54:58.578 信息 [main] org.apache.catalina.core.AprLifecycleListener.initializeSSL OpenSSL successfully initialized [OpenSSL 1.0.2m  2 Nov 2017]
08-Dec-2018 21:54:58.750 信息 [main] org.apache.coyote.AbstractProtocol.init Initializing ProtocolHandler ["http-nio-8080"]
08-Dec-2018 21:54:58.770 信息 [main] org.apache.tomcat.util.net.NioSelectorPool.getSharedSelector Using a shared selector for servlet write/read
08-Dec-2018 21:54:58.780 信息 [main] org.apache.coyote.AbstractProtocol.init Initializing ProtocolHandler ["ajp-nio-53877"]
08-Dec-2018 21:54:58.790 信息 [main] org.apache.tomcat.util.net.NioSelectorPool.getSharedSelector Using a shared selector for servlet write/read
08-Dec-2018 21:54:58.790 信息 [main] org.apache.catalina.startup.Catalina.load Initialization processed in 1774 ms
08-Dec-2018 21:54:58.820 信息 [main] org.apache.catalina.core.StandardService.startInternal Starting service [Catalina]
08-Dec-2018 21:54:58.830 信息 [main] org.apache.catalina.core.StandardEngine.startInternal Starting Servlet Engine: Apache Tomcat/8.5.30
08-Dec-2018 21:54:58.843 信息 [main] org.apache.coyote.AbstractProtocol.start Starting ProtocolHandler ["http-nio-8080"]
08-Dec-2018 21:54:58.854 信息 [main] org.apache.coyote.AbstractProtocol.start Starting ProtocolHandler ["ajp-nio-53877"]
08-Dec-2018 21:54:58.858 信息 [main] org.apache.catalina.startup.Catalina.start Server startup in 65 ms
08-Dec-2018 21:54:59.346 警告 [RMI TCP Connection(3)-127.0.0.1] org.apache.tomcat.util.descriptor.web.WebXml.setVersion Unknown version string [4.0]. Default version will be used.
08-Dec-2018 21:55:08.845 信息 [localhost-startStop-1] org.apache.catalina.startup.HostConfig.deployDirectory Deploying web application directory [D:\language\development\tomcat\apache-tomcat-8.5.30\webapps\manager]
08-Dec-2018 21:55:08.900 信息 [localhost-startStop-1] org.apache.catalina.startup.HostConfig.deployDirectory Deployment of web application directory [D:\language\development\tomcat\apache-tomcat-8.5.30\webapps\manager] has finished in [55] ms
08-Dec-2018 22:04:25.755 信息 [main] org.apache.catalina.core.StandardServer.await A valid shutdown command was received via the shutdown port. Stopping the Server instance.
08-Dec-2018 22:04:25.756 信息 [main] org.apache.coyote.AbstractProtocol.pause Pausing ProtocolHandler ["http-nio-8080"]
08-Dec-2018 22:04:25.860 信息 [main] org.apache.coyote.AbstractProtocol.pause Pausing ProtocolHandler ["ajp-nio-53877"]
08-Dec-2018 22:04:25.960 信息 [main] org.apache.catalina.core.StandardService.stopInternal Stopping service [Catalina]
08-Dec-2018 22:04:25.983 信息 [main] org.apache.coyote.AbstractProtocol.stop Stopping ProtocolHandler ["http-nio-8080"]
08-Dec-2018 22:04:25.985 信息 [main] org.apache.coyote.AbstractProtocol.stop Stopping ProtocolHandler ["ajp-nio-53877"]
08-Dec-2018 22:04:25.987 信息 [main] org.apache.coyote.AbstractProtocol.destroy Destroying ProtocolHandler ["http-nio-8080"]
08-Dec-2018 22:04:25.988 信息 [main] org.apache.coyote.AbstractProtocol.destroy Destroying ProtocolHandler ["ajp-nio-53877"]
08-Dec-2018 22:04:49.975 信息 [main] org.apache.catalina.startup.VersionLoggerListener.log Server version:        Apache Tomcat/8.5.30
08-Dec-2018 22:04:49.980 信息 [main] org.apache.catalina.startup.VersionLoggerListener.log Server built:          Apr 3 2018 20:04:09 UTC
08-Dec-2018 22:04:49.980 信息 [main] org.apache.catalina.startup.VersionLoggerListener.log Server number:         8.5.30.0
08-Dec-2018 22:04:49.981 信息 [main] org.apache.catalina.startup.VersionLoggerListener.log OS Name:               Windows 7
08-Dec-2018 22:04:49.981 信息 [main] org.apache.catalina.startup.VersionLoggerListener.log OS Version:            6.1
08-Dec-2018 22:04:49.981 信息 [main] org.apache.catalina.startup.VersionLoggerListener.log Architecture:          amd64
08-Dec-2018 22:04:49.981 信息 [main] org.apache.catalina.startup.VersionLoggerListener.log Java Home:             C:\Program Files\Java\jdk1.8.0_191\jre
08-Dec-2018 22:04:49.982 信息 [main] org.apache.catalina.startup.VersionLoggerListener.log JVM Version:           1.8.0_191-b12
08-Dec-2018 22:04:49.982 信息 [main] org.apache.catalina.startup.VersionLoggerListener.log JVM Vendor:            Oracle Corporation
08-Dec-2018 22:04:49.982 信息 [main] org.apache.catalina.startup.VersionLoggerListener.log CATALINA_BASE:         C:\Users\Administrator\.IntelliJIdea2018.3\system\tomcat\Unnamed_untitled
08-Dec-2018 22:04:49.983 信息 [main] org.apache.catalina.startup.VersionLoggerListener.log CATALINA_HOME:         D:\language\development\tomcat\apache-tomcat-8.5.30
08-Dec-2018 22:04:49.984 信息 [main] org.apache.catalina.startup.VersionLoggerListener.log Command line argument: -Djava.util.logging.config.file=C:\Users\Administrator\.IntelliJIdea2018.3\system\tomcat\Unnamed_untitled\conf\logging.properties
08-Dec-2018 22:04:49.985 信息 [main] org.apache.catalina.startup.VersionLoggerListener.log Command line argument: -Djava.util.logging.manager=org.apache.juli.ClassLoaderLogManager
08-Dec-2018 22:04:49.985 信息 [main] org.apache.catalina.startup.VersionLoggerListener.log Command line argument: -Dcom.sun.management.jmxremote=
08-Dec-2018 22:04:49.985 信息 [main] org.apache.catalina.startup.VersionLoggerListener.log Command line argument: -Dcom.sun.management.jmxremote.port=1098
08-Dec-2018 22:04:49.986 信息 [main] org.apache.catalina.startup.VersionLoggerListener.log Command line argument: -Dcom.sun.management.jmxremote.ssl=false
08-Dec-2018 22:04:49.986 信息 [main] org.apache.catalina.startup.VersionLoggerListener.log Command line argument: -Dcom.sun.management.jmxremote.authenticate=false
08-Dec-2018 22:04:49.986 信息 [main] org.apache.catalina.startup.VersionLoggerListener.log Command line argument: -Djava.rmi.server.hostname=127.0.0.1
08-Dec-2018 22:04:49.986 信息 [main] org.apache.catalina.startup.VersionLoggerListener.log Command line argument: -Djdk.tls.ephemeralDHKeySize=2048
08-Dec-2018 22:04:49.987 信息 [main] org.apache.catalina.startup.VersionLoggerListener.log Command line argument: -Djava.protocol.handler.pkgs=org.apache.catalina.webresources
08-Dec-2018 22:04:49.988 信息 [main] org.apache.catalina.startup.VersionLoggerListener.log Command line argument: -Dignore.endorsed.dirs=
08-Dec-2018 22:04:49.988 信息 [main] org.apache.catalina.startup.VersionLoggerListener.log Command line argument: -Dcatalina.base=C:\Users\Administrator\.IntelliJIdea2018.3\system\tomcat\Unnamed_untitled
08-Dec-2018 22:04:49.988 信息 [main] org.apache.catalina.startup.VersionLoggerListener.log Command line argument: -Dcatalina.home=D:\language\development\tomcat\apache-tomcat-8.5.30
08-Dec-2018 22:04:49.989 信息 [main] org.apache.catalina.startup.VersionLoggerListener.log Command line argument: -Djava.io.tmpdir=D:\language\development\tomcat\apache-tomcat-8.5.30\temp
08-Dec-2018 22:04:49.989 信息 [main] org.apache.catalina.core.AprLifecycleListener.lifecycleEvent Loaded APR based Apache Tomcat Native library [1.2.16] using APR version [1.6.3].
08-Dec-2018 22:04:49.989 信息 [main] org.apache.catalina.core.AprLifecycleListener.lifecycleEvent APR capabilities: IPv6 [true], sendfile [true], accept filters [false], random [true].
08-Dec-2018 22:04:49.989 信息 [main] org.apache.catalina.core.AprLifecycleListener.lifecycleEvent APR/OpenSSL configuration: useAprConnector [false], useOpenSSL [true]
08-Dec-2018 22:04:51.033 信息 [main] org.apache.catalina.core.AprLifecycleListener.initializeSSL OpenSSL successfully initialized [OpenSSL 1.0.2m  2 Nov 2017]
08-Dec-2018 22:04:51.214 信息 [main] org.apache.coyote.AbstractProtocol.init Initializing ProtocolHandler ["http-nio-8080"]
08-Dec-2018 22:04:51.232 信息 [main] org.apache.tomcat.util.net.NioSelectorPool.getSharedSelector Using a shared selector for servlet write/read
08-Dec-2018 22:04:51.245 信息 [main] org.apache.coyote.AbstractProtocol.init Initializing ProtocolHandler ["ajp-nio-8009"]
08-Dec-2018 22:04:51.249 信息 [main] org.apache.tomcat.util.net.NioSelectorPool.getSharedSelector Using a shared selector for servlet write/read
08-Dec-2018 22:04:51.249 信息 [main] org.apache.catalina.startup.Catalina.load Initialization processed in 1797 ms
08-Dec-2018 22:04:51.285 信息 [main] org.apache.catalina.core.StandardService.startInternal Starting service [Catalina]
08-Dec-2018 22:04:51.285 信息 [main] org.apache.catalina.core.StandardEngine.startInternal Starting Servlet Engine: Apache Tomcat/8.5.30
08-Dec-2018 22:04:51.298 信息 [main] org.apache.coyote.AbstractProtocol.start Starting ProtocolHandler ["http-nio-8080"]
08-Dec-2018 22:04:51.310 信息 [main] org.apache.coyote.AbstractProtocol.start Starting ProtocolHandler ["ajp-nio-8009"]
08-Dec-2018 22:04:51.314 信息 [main] org.apache.catalina.startup.Catalina.start Server startup in 64 ms
08-Dec-2018 22:04:51.749 警告 [RMI TCP Connection(3)-127.0.0.1] org.apache.tomcat.util.descriptor.web.WebXml.setVersion Unknown version string [4.0]. Default version will be used.
08-Dec-2018 22:05:01.299 信息 [localhost-startStop-1] org.apache.catalina.startup.HostConfig.deployDirectory Deploying web application directory [D:\language\development\tomcat\apache-tomcat-8.5.30\webapps\manager]
08-Dec-2018 22:05:01.344 信息 [localhost-startStop-1] org.apache.catalina.startup.HostConfig.deployDirectory Deployment of web application directory [D:\language\development\tomcat\apache-tomcat-8.5.30\webapps\manager] has finished in [44] ms
08-Dec-2018 22:06:34.411 信息 [main] org.apache.catalina.core.StandardServer.await A valid shutdown command was received via the shutdown port. Stopping the Server instance.
08-Dec-2018 22:06:34.412 信息 [main] org.apache.coyote.AbstractProtocol.pause Pausing ProtocolHandler ["http-nio-8080"]
08-Dec-2018 22:06:34.518 信息 [main] org.apache.coyote.AbstractProtocol.pause Pausing ProtocolHandler ["ajp-nio-8009"]
08-Dec-2018 22:06:34.619 信息 [main] org.apache.catalina.core.StandardService.stopInternal Stopping service [Catalina]
08-Dec-2018 22:06:34.637 信息 [main] org.apache.coyote.AbstractProtocol.stop Stopping ProtocolHandler ["http-nio-8080"]
08-Dec-2018 22:06:34.640 信息 [main] org.apache.coyote.AbstractProtocol.stop Stopping ProtocolHandler ["ajp-nio-8009"]
08-Dec-2018 22:06:34.641 信息 [main] org.apache.coyote.AbstractProtocol.destroy Destroying ProtocolHandler ["http-nio-8080"]
08-Dec-2018 22:06:34.643 信息 [main] org.apache.coyote.AbstractProtocol.destroy Destroying ProtocolHandler ["ajp-nio-8009"]
08-Dec-2018 22:06:49.799 信息 [main] org.apache.catalina.startup.VersionLoggerListener.log Server version:        Apache Tomcat/8.5.30
08-Dec-2018 22:06:49.802 信息 [main] org.apache.catalina.startup.VersionLoggerListener.log Server built:          Apr 3 2018 20:04:09 UTC
08-Dec-2018 22:06:49.803 信息 [main] org.apache.catalina.startup.VersionLoggerListener.log Server number:         8.5.30.0
08-Dec-2018 22:06:49.803 信息 [main] org.apache.catalina.startup.VersionLoggerListener.log OS Name:               Windows 7
08-Dec-2018 22:06:49.803 信息 [main] org.apache.catalina.startup.VersionLoggerListener.log OS Version:            6.1
08-Dec-2018 22:06:49.803 信息 [main] org.apache.catalina.startup.VersionLoggerListener.log Architecture:          amd64
08-Dec-2018 22:06:49.804 信息 [main] org.apache.catalina.startup.VersionLoggerListener.log Java Home:             C:\Program Files\Java\jdk1.8.0_191\jre
08-Dec-2018 22:06:49.804 信息 [main] org.apache.catalina.startup.VersionLoggerListener.log JVM Version:           1.8.0_191-b12
08-Dec-2018 22:06:49.804 信息 [main] org.apache.catalina.startup.VersionLoggerListener.log JVM Vendor:            Oracle Corporation
08-Dec-2018 22:06:49.804 信息 [main] org.apache.catalina.startup.VersionLoggerListener.log CATALINA_BASE:         C:\Users\Administrator\.IntelliJIdea2018.3\system\tomcat\Unnamed_untitled
08-Dec-2018 22:06:49.804 信息 [main] org.apache.catalina.startup.VersionLoggerListener.log CATALINA_HOME:         D:\language\development\tomcat\apache-tomcat-8.5.30
08-Dec-2018 22:06:49.805 信息 [main] org.apache.catalina.startup.VersionLoggerListener.log Command line argument: -Djava.util.logging.config.file=C:\Users\Administrator\.IntelliJIdea2018.3\system\tomcat\Unnamed_untitled\conf\logging.properties
08-Dec-2018 22:06:49.805 信息 [main] org.apache.catalina.startup.VersionLoggerListener.log Command line argument: -Djava.util.logging.manager=org.apache.juli.ClassLoaderLogManager
08-Dec-2018 22:06:49.805 信息 [main] org.apache.catalina.startup.VersionLoggerListener.log Command line argument: -Dcom.sun.management.jmxremote=
08-Dec-2018 22:06:49.805 信息 [main] org.apache.catalina.startup.VersionLoggerListener.log Command line argument: -Dcom.sun.management.jmxremote.port=1098
08-Dec-2018 22:06:49.805 信息 [main] org.apache.catalina.startup.VersionLoggerListener.log Command line argument: -Dcom.sun.management.jmxremote.ssl=false
08-Dec-2018 22:06:49.805 信息 [main] org.apache.catalina.startup.VersionLoggerListener.log Command line argument: -Dcom.sun.management.jmxremote.authenticate=false
08-Dec-2018 22:06:49.806 信息 [main] org.apache.catalina.startup.VersionLoggerListener.log Command line argument: -Djava.rmi.server.hostname=127.0.0.1
08-Dec-2018 22:06:49.806 信息 [main] org.apache.catalina.startup.VersionLoggerListener.log Command line argument: -Djdk.tls.ephemeralDHKeySize=2048
08-Dec-2018 22:06:49.806 信息 [main] org.apache.catalina.startup.VersionLoggerListener.log Command line argument: -Djava.protocol.handler.pkgs=org.apache.catalina.webresources
08-Dec-2018 22:06:49.806 信息 [main] org.apache.catalina.startup.VersionLoggerListener.log Command line argument: -Dignore.endorsed.dirs=
08-Dec-2018 22:06:49.806 信息 [main] org.apache.catalina.startup.VersionLoggerListener.log Command line argument: -Dcatalina.base=C:\Users\Administrator\.IntelliJIdea2018.3\system\tomcat\Unnamed_untitled
08-Dec-2018 22:06:49.806 信息 [main] org.apache.catalina.startup.VersionLoggerListener.log Command line argument: -Dcatalina.home=D:\language\development\tomcat\apache-tomcat-8.5.30
08-Dec-2018 22:06:49.807 信息 [main] org.apache.catalina.startup.VersionLoggerListener.log Command line argument: -Djava.io.tmpdir=D:\language\development\tomcat\apache-tomcat-8.5.30\temp
08-Dec-2018 22:06:49.807 信息 [main] org.apache.catalina.core.AprLifecycleListener.lifecycleEvent Loaded APR based Apache Tomcat Native library [1.2.16] using APR version [1.6.3].
08-Dec-2018 22:06:49.807 信息 [main] org.apache.catalina.core.AprLifecycleListener.lifecycleEvent APR capabilities: IPv6 [true], sendfile [true], accept filters [false], random [true].
08-Dec-2018 22:06:49.807 信息 [main] org.apache.catalina.core.AprLifecycleListener.lifecycleEvent APR/OpenSSL configuration: useAprConnector [false], useOpenSSL [true]
08-Dec-2018 22:06:50.858 信息 [main] org.apache.catalina.core.AprLifecycleListener.initializeSSL OpenSSL successfully initialized [OpenSSL 1.0.2m  2 Nov 2017]
08-Dec-2018 22:06:51.030 信息 [main] org.apache.coyote.AbstractProtocol.init Initializing ProtocolHandler ["http-nio-8080"]
08-Dec-2018 22:06:51.051 信息 [main] org.apache.tomcat.util.net.NioSelectorPool.getSharedSelector Using a shared selector for servlet write/read
08-Dec-2018 22:06:51.071 信息 [main] org.apache.coyote.AbstractProtocol.init Initializing ProtocolHandler ["ajp-nio-8009"]
08-Dec-2018 22:06:51.073 信息 [main] org.apache.tomcat.util.net.NioSelectorPool.getSharedSelector Using a shared selector for servlet write/read
08-Dec-2018 22:06:51.074 信息 [main] org.apache.catalina.startup.Catalina.load Initialization processed in 1762 ms
08-Dec-2018 22:06:51.108 信息 [main] org.apache.catalina.core.StandardService.startInternal Starting service [Catalina]
08-Dec-2018 22:06:51.108 信息 [main] org.apache.catalina.core.StandardEngine.startInternal Starting Servlet Engine: Apache Tomcat/8.5.30
08-Dec-2018 22:06:51.122 信息 [main] org.apache.coyote.AbstractProtocol.start Starting ProtocolHandler ["http-nio-8080"]
08-Dec-2018 22:06:51.136 信息 [main] org.apache.coyote.AbstractProtocol.start Starting ProtocolHandler ["ajp-nio-8009"]
08-Dec-2018 22:06:51.139 信息 [main] org.apache.catalina.startup.Catalina.start Server startup in 64 ms
08-Dec-2018 22:06:51.662 警告 [RMI TCP Connection(3)-127.0.0.1] org.apache.tomcat.util.descriptor.web.WebXml.setVersion Unknown version string [4.0]. Default version will be used.
08-Dec-2018 22:07:01.125 信息 [localhost-startStop-1] org.apache.catalina.startup.HostConfig.deployDirectory Deploying web application directory [D:\language\development\tomcat\apache-tomcat-8.5.30\webapps\manager]
08-Dec-2018 22:07:01.178 信息 [localhost-startStop-1] org.apache.catalina.startup.HostConfig.deployDirectory Deployment of web application directory [D:\language\development\tomcat\apache-tomcat-8.5.30\webapps\manager] has finished in [52] ms
08-Dec-2018 22:08:04.346 信息 [main] org.apache.catalina.core.StandardServer.await A valid shutdown command was received via the shutdown port. Stopping the Server instance.
08-Dec-2018 22:08:04.347 信息 [main] org.apache.coyote.AbstractProtocol.pause Pausing ProtocolHandler ["http-nio-8080"]
08-Dec-2018 22:08:04.448 信息 [main] org.apache.coyote.AbstractProtocol.pause Pausing ProtocolHandler ["ajp-nio-8009"]
08-Dec-2018 22:08:04.549 信息 [main] org.apache.catalina.core.StandardService.stopInternal Stopping service [Catalina]
08-Dec-2018 22:08:04.569 信息 [main] org.apache.coyote.AbstractProtocol.stop Stopping ProtocolHandler ["http-nio-8080"]
08-Dec-2018 22:08:04.579 信息 [main] org.apache.coyote.AbstractProtocol.stop Stopping ProtocolHandler ["ajp-nio-8009"]
08-Dec-2018 22:08:04.579 信息 [main] org.apache.coyote.AbstractProtocol.destroy Destroying ProtocolHandler ["http-nio-8080"]
08-Dec-2018 22:08:04.579 信息 [main] org.apache.coyote.AbstractProtocol.destroy Destroying ProtocolHandler ["ajp-nio-8009"]
08-Dec-2018 22:08:20.462 信息 [main] org.apache.catalina.startup.VersionLoggerListener.log Server version:        Apache Tomcat/8.5.30
08-Dec-2018 22:08:20.462 信息 [main] org.apache.catalina.startup.VersionLoggerListener.log Server built:          Apr 3 2018 20:04:09 UTC
08-Dec-2018 22:08:20.462 信息 [main] org.apache.catalina.startup.VersionLoggerListener.log Server number:         8.5.30.0
08-Dec-2018 22:08:20.462 信息 [main] org.apache.catalina.startup.VersionLoggerListener.log OS Name:               Windows 7
08-Dec-2018 22:08:20.462 信息 [main] org.apache.catalina.startup.VersionLoggerListener.log OS Version:            6.1
08-Dec-2018 22:08:20.462 信息 [main] org.apache.catalina.startup.VersionLoggerListener.log Architecture:          amd64
08-Dec-2018 22:08:20.462 信息 [main] org.apache.catalina.startup.VersionLoggerListener.log Java Home:             C:\Program Files\Java\jdk1.8.0_191\jre
08-Dec-2018 22:08:20.472 信息 [main] org.apache.catalina.startup.VersionLoggerListener.log JVM Version:           1.8.0_191-b12
08-Dec-2018 22:08:20.472 信息 [main] org.apache.catalina.startup.VersionLoggerListener.log JVM Vendor:            Oracle Corporation
08-Dec-2018 22:08:20.472 信息 [main] org.apache.catalina.startup.VersionLoggerListener.log CATALINA_BASE:         C:\Users\Administrator\.IntelliJIdea2018.3\system\tomcat\Unnamed_untitled
08-Dec-2018 22:08:20.472 信息 [main] org.apache.catalina.startup.VersionLoggerListener.log CATALINA_HOME:         D:\language\development\tomcat\apache-tomcat-8.5.30
08-Dec-2018 22:08:20.472 信息 [main] org.apache.catalina.startup.VersionLoggerListener.log Command line argument: -Djava.util.logging.config.file=C:\Users\Administrator\.IntelliJIdea2018.3\system\tomcat\Unnamed_untitled\conf\logging.properties
08-Dec-2018 22:08:20.472 信息 [main] org.apache.catalina.startup.VersionLoggerListener.log Command line argument: -Djava.util.logging.manager=org.apache.juli.ClassLoaderLogManager
08-Dec-2018 22:08:20.472 信息 [main] org.apache.catalina.startup.VersionLoggerListener.log Command line argument: -Dcom.sun.management.jmxremote=
08-Dec-2018 22:08:20.472 信息 [main] org.apache.catalina.startup.VersionLoggerListener.log Command line argument: -Dcom.sun.management.jmxremote.port=1098
08-Dec-2018 22:08:20.472 信息 [main] org.apache.catalina.startup.VersionLoggerListener.log Command line argument: -Dcom.sun.management.jmxremote.ssl=false
08-Dec-2018 22:08:20.472 信息 [main] org.apache.catalina.startup.VersionLoggerListener.log Command line argument: -Dcom.sun.management.jmxremote.authenticate=false
08-Dec-2018 22:08:20.472 信息 [main] org.apache.catalina.startup.VersionLoggerListener.log Command line argument: -Djava.rmi.server.hostname=127.0.0.1
08-Dec-2018 22:08:20.472 信息 [main] org.apache.catalina.startup.VersionLoggerListener.log Command line argument: -Djdk.tls.ephemeralDHKeySize=2048
08-Dec-2018 22:08:20.472 信息 [main] org.apache.catalina.startup.VersionLoggerListener.log Command line argument: -Djava.protocol.handler.pkgs=org.apache.catalina.webresources
08-Dec-2018 22:08:20.472 信息 [main] org.apache.catalina.startup.VersionLoggerListener.log Command line argument: -Dignore.endorsed.dirs=
08-Dec-2018 22:08:20.472 信息 [main] org.apache.catalina.startup.VersionLoggerListener.log Command line argument: -Dcatalina.base=C:\Users\Administrator\.IntelliJIdea2018.3\system\tomcat\Unnamed_untitled
08-Dec-2018 22:08:20.472 信息 [main] org.apache.catalina.startup.VersionLoggerListener.log Command line argument: -Dcatalina.home=D:\language\development\tomcat\apache-tomcat-8.5.30
08-Dec-2018 22:08:20.472 信息 [main] org.apache.catalina.startup.VersionLoggerListener.log Command line argument: -Djava.io.tmpdir=D:\language\development\tomcat\apache-tomcat-8.5.30\temp
08-Dec-2018 22:08:20.472 信息 [main] org.apache.catalina.core.AprLifecycleListener.lifecycleEvent Loaded APR based Apache Tomcat Native library [1.2.16] using APR version [1.6.3].
08-Dec-2018 22:08:20.472 信息 [main] org.apache.catalina.core.AprLifecycleListener.lifecycleEvent APR capabilities: IPv6 [true], sendfile [true], accept filters [false], random [true].
08-Dec-2018 22:08:20.472 信息 [main] org.apache.catalina.core.AprLifecycleListener.lifecycleEvent APR/OpenSSL configuration: useAprConnector [false], useOpenSSL [true]
08-Dec-2018 22:08:21.514 信息 [main] org.apache.catalina.core.AprLifecycleListener.initializeSSL OpenSSL successfully initialized [OpenSSL 1.0.2m  2 Nov 2017]
08-Dec-2018 22:08:21.690 信息 [main] org.apache.coyote.AbstractProtocol.init Initializing ProtocolHandler ["http-nio-8080"]
08-Dec-2018 22:08:21.710 信息 [main] org.apache.tomcat.util.net.NioSelectorPool.getSharedSelector Using a shared selector for servlet write/read
08-Dec-2018 22:08:21.730 信息 [main] org.apache.coyote.AbstractProtocol.init Initializing ProtocolHandler ["ajp-nio-8009"]
08-Dec-2018 22:08:21.740 信息 [main] org.apache.tomcat.util.net.NioSelectorPool.getSharedSelector Using a shared selector for servlet write/read
08-Dec-2018 22:08:21.740 信息 [main] org.apache.catalina.startup.Catalina.load Initialization processed in 1756 ms
08-Dec-2018 22:08:21.770 信息 [main] org.apache.catalina.core.StandardService.startInternal Starting service [Catalina]
08-Dec-2018 22:08:21.770 信息 [main] org.apache.catalina.core.StandardEngine.startInternal Starting Servlet Engine: Apache Tomcat/8.5.30
08-Dec-2018 22:08:21.791 信息 [main] org.apache.coyote.AbstractProtocol.start Starting ProtocolHandler ["http-nio-8080"]
08-Dec-2018 22:08:21.801 信息 [main] org.apache.coyote.AbstractProtocol.start Starting ProtocolHandler ["ajp-nio-8009"]
08-Dec-2018 22:08:21.801 信息 [main] org.apache.catalina.startup.Catalina.start Server startup in 67 ms
08-Dec-2018 22:08:22.257 警告 [RMI TCP Connection(3)-127.0.0.1] org.apache.tomcat.util.descriptor.web.WebXml.setVersion Unknown version string [4.0]. Default version will be used.
08-Dec-2018 22:08:31.793 信息 [localhost-startStop-1] org.apache.catalina.startup.HostConfig.deployDirectory Deploying web application directory [D:\language\development\tomcat\apache-tomcat-8.5.30\webapps\manager]
08-Dec-2018 22:08:31.839 信息 [localhost-startStop-1] org.apache.catalina.startup.HostConfig.deployDirectory Deployment of web application directory [D:\language\development\tomcat\apache-tomcat-8.5.30\webapps\manager] has finished in [46] ms
08-Dec-2018 23:02:26.214 警告 [main] org.apache.catalina.core.StandardServer.await StandardServer.await: Invalid command '' received
08-Dec-2018 23:02:41.315 信息 [main] org.apache.catalina.core.StandardServer.await A valid shutdown command was received via the shutdown port. Stopping the Server instance.
08-Dec-2018 23:02:41.315 信息 [main] org.apache.coyote.AbstractProtocol.pause Pausing ProtocolHandler ["http-nio-8080"]
08-Dec-2018 23:02:41.375 信息 [main] org.apache.coyote.AbstractProtocol.pause Pausing ProtocolHandler ["ajp-nio-8009"]
08-Dec-2018 23:02:41.465 信息 [main] org.apache.catalina.core.StandardService.stopInternal Stopping service [Catalina]
08-Dec-2018 23:02:41.495 信息 [main] org.apache.coyote.AbstractProtocol.stop Stopping ProtocolHandler ["http-nio-8080"]
08-Dec-2018 23:02:41.495 信息 [main] org.apache.coyote.AbstractProtocol.stop Stopping ProtocolHandler ["ajp-nio-8009"]
08-Dec-2018 23:02:41.495 信息 [main] org.apache.coyote.AbstractProtocol.destroy Destroying ProtocolHandler ["http-nio-8080"]
08-Dec-2018 23:02:41.495 信息 [main] org.apache.coyote.AbstractProtocol.destroy Destroying ProtocolHandler ["ajp-nio-8009"]
