08-Dec-2018 22:05:35.132 —œ÷ÿ [http-nio-8080-exec-2] org.apache.catalina.core.StandardWrapperValve.invoke Servlet.service() for servlet [jsp] in context with path [/untitled_war_exploded] threw exception [Unable to compile class for JSP: 

An error occurred at line: [14] in the generated java file: [C:\Users\Administrator\.IntelliJIdea2018.3\system\tomcat\Unnamed_untitled\work\Catalina\localhost\untitled_war_exploded\org\apache\jsp\trade_005fquery_jsp.java]
Only a type can be imported. com.alipay.api.response.AlipayTradeQueryResponse resolves to a package

An error occurred at line: [15] in the generated java file: [C:\Users\Administrator\.IntelliJIdea2018.3\system\tomcat\Unnamed_untitled\work\Catalina\localhost\untitled_war_exploded\org\apache\jsp\trade_005fquery_jsp.java]
Only a type can be imported. com.alipay.demo.trade.config.Configs resolves to a package

An error occurred at line: [16] in the generated java file: [C:\Users\Administrator\.IntelliJIdea2018.3\system\tomcat\Unnamed_untitled\work\Catalina\localhost\untitled_war_exploded\org\apache\jsp\trade_005fquery_jsp.java]
Only a type can be imported. com.alipay.demo.trade.model.builder.AlipayTradeQueryRequestBuilder resolves to a package

An error occurred at line: [17] in the generated java file: [C:\Users\Administrator\.IntelliJIdea2018.3\system\tomcat\Unnamed_untitled\work\Catalina\localhost\untitled_war_exploded\org\apache\jsp\trade_005fquery_jsp.java]
Only a type can be imported. com.alipay.demo.trade.service.AlipayTradeService resolves to a package

An error occurred at line: [18] in the generated java file: [C:\Users\Administrator\.IntelliJIdea2018.3\system\tomcat\Unnamed_untitled\work\Catalina\localhost\untitled_war_exploded\org\apache\jsp\trade_005fquery_jsp.java]
Only a type can be imported. com.alipay.demo.trade.service.impl.AlipayTradeServiceImpl resolves to a package

An error occurred at line: [19] in the generated java file: [C:\Users\Administrator\.IntelliJIdea2018.3\system\tomcat\Unnamed_untitled\work\Catalina\localhost\untitled_war_exploded\org\apache\jsp\trade_005fquery_jsp.java]
Only a type can be imported. com.alipay.demo.trade.model.result.AlipayF2FQueryResult resolves to a package

An error occurred at line: [20] in the generated java file: [C:\Users\Administrator\.IntelliJIdea2018.3\system\tomcat\Unnamed_untitled\work\Catalina\localhost\untitled_war_exploded\org\apache\jsp\trade_005fquery_jsp.java]
Only a type can be imported. org.apache.commons.logging.Log resolves to a package

An error occurred at line: [21] in the generated java file: [C:\Users\Administrator\.IntelliJIdea2018.3\system\tomcat\Unnamed_untitled\work\Catalina\localhost\untitled_war_exploded\org\apache\jsp\trade_005fquery_jsp.java]
Only a type can be imported. org.apache.commons.logging.LogFactory resolves to a package

An error occurred at line: [21] in the jsp file: [/trade_query.jsp]
Log cannot be resolved to a type
18: <%@ page import="org.apache.commons.logging.LogFactory" %>
19: 
20: <%
21: 	Log log = LogFactory.getLog("trade_query");
22: 
23: 	if(request.getParameter("outTradeNo")!=null){
24: 		// ‰∏?ÂÆöË¶ÅÂú®ÂàõÂª∫AlipayTradeService‰πãÂâçËÆæÁΩÆÂèÇÊï∞


An error occurred at line: [21] in the jsp file: [/trade_query.jsp]
LogFactory cannot be resolved
18: <%@ page import="org.apache.commons.logging.LogFactory" %>
19: 
20: <%
21: 	Log log = LogFactory.getLog("trade_query");
22: 
23: 	if(request.getParameter("outTradeNo")!=null){
24: 		// ‰∏?ÂÆöË¶ÅÂú®ÂàõÂª∫AlipayTradeService‰πãÂâçËÆæÁΩÆÂèÇÊï∞


An error occurred at line: [25] in the jsp file: [/trade_query.jsp]
Configs cannot be resolved
22: 
23: 	if(request.getParameter("outTradeNo")!=null){
24: 		// ‰∏?ÂÆöË¶ÅÂú®ÂàõÂª∫AlipayTradeService‰πãÂâçËÆæÁΩÆÂèÇÊï∞
25: 		Configs.init("zfbinfo.properties");
26: 
27: 		AlipayTradeService tradeService = new AlipayTradeServiceImpl.ClientBuilder().build();
28: 


An error occurred at line: [27] in the jsp file: [/trade_query.jsp]
AlipayTradeService cannot be resolved to a type
24: 		// ‰∏?ÂÆöË¶ÅÂú®ÂàõÂª∫AlipayTradeService‰πãÂâçËÆæÁΩÆÂèÇÊï∞
25: 		Configs.init("zfbinfo.properties");
26: 
27: 		AlipayTradeService tradeService = new AlipayTradeServiceImpl.ClientBuilder().build();
28: 
29: 		// (ÂøÖÂ°´) ÂïÜÊà∑ËÆ¢ÂçïÂè∑ÔºåÈÄöËøáÊ≠§ÂïÜÊà∑ËÆ¢ÂçïÂè∑Êü•ËØ¢ÂΩìÈù¢‰ªòÁöÑ‰∫§ÊòìÁä∂Ê??
30: 		String outTradeNo = request.getParameter("outTradeNo");


An error occurred at line: [27] in the jsp file: [/trade_query.jsp]
AlipayTradeServiceImpl.ClientBuilder cannot be resolved to a type
24: 		// ‰∏?ÂÆöË¶ÅÂú®ÂàõÂª∫AlipayTradeService‰πãÂâçËÆæÁΩÆÂèÇÊï∞
25: 		Configs.init("zfbinfo.properties");
26: 
27: 		AlipayTradeService tradeService = new AlipayTradeServiceImpl.ClientBuilder().build();
28: 
29: 		// (ÂøÖÂ°´) ÂïÜÊà∑ËÆ¢ÂçïÂè∑ÔºåÈÄöËøáÊ≠§ÂïÜÊà∑ËÆ¢ÂçïÂè∑Êü•ËØ¢ÂΩìÈù¢‰ªòÁöÑ‰∫§ÊòìÁä∂Ê??
30: 		String outTradeNo = request.getParameter("outTradeNo");


An error occurred at line: [31] in the jsp file: [/trade_query.jsp]
AlipayTradeQueryRequestBuilder cannot be resolved to a type
28: 
29: 		// (ÂøÖÂ°´) ÂïÜÊà∑ËÆ¢ÂçïÂè∑ÔºåÈÄöËøáÊ≠§ÂïÜÊà∑ËÆ¢ÂçïÂè∑Êü•ËØ¢ÂΩìÈù¢‰ªòÁöÑ‰∫§ÊòìÁä∂Ê??
30: 		String outTradeNo = request.getParameter("outTradeNo");
31:         AlipayTradeQueryRequestBuilder builder = new AlipayTradeQueryRequestBuilder()
32:         		.setOutTradeNo(outTradeNo);
33: 		AlipayF2FQueryResult result = tradeService.queryTradeResult(builder);
34: 		switch (result.getTradeStatus()) {


An error occurred at line: [31] in the jsp file: [/trade_query.jsp]
AlipayTradeQueryRequestBuilder cannot be resolved to a type
28: 
29: 		// (ÂøÖÂ°´) ÂïÜÊà∑ËÆ¢ÂçïÂè∑ÔºåÈÄöËøáÊ≠§ÂïÜÊà∑ËÆ¢ÂçïÂè∑Êü•ËØ¢ÂΩìÈù¢‰ªòÁöÑ‰∫§ÊòìÁä∂Ê??
30: 		String outTradeNo = request.getParameter("outTradeNo");
31:         AlipayTradeQueryRequestBuilder builder = new AlipayTradeQueryRequestBuilder()
32:         		.setOutTradeNo(outTradeNo);
33: 		AlipayF2FQueryResult result = tradeService.queryTradeResult(builder);
34: 		switch (result.getTradeStatus()) {


An error occurred at line: [33] in the jsp file: [/trade_query.jsp]
AlipayF2FQueryResult cannot be resolved to a type
30: 		String outTradeNo = request.getParameter("outTradeNo");
31:         AlipayTradeQueryRequestBuilder builder = new AlipayTradeQueryRequestBuilder()
32:         		.setOutTradeNo(outTradeNo);
33: 		AlipayF2FQueryResult result = tradeService.queryTradeResult(builder);
34: 		switch (result.getTradeStatus()) {
35: 			case SUCCESS:
36: 				log.info("Êü•ËØ¢ËøîÂõûËØ•ËÆ¢ÂçïÊîØ‰ªòÊàêÂä?: )");


An error occurred at line: [35] in the jsp file: [/trade_query.jsp]
SUCCESS cannot be resolved to a variable
32:         		.setOutTradeNo(outTradeNo);
33: 		AlipayF2FQueryResult result = tradeService.queryTradeResult(builder);
34: 		switch (result.getTradeStatus()) {
35: 			case SUCCESS:
36: 				log.info("Êü•ËØ¢ËøîÂõûËØ•ËÆ¢ÂçïÊîØ‰ªòÊàêÂä?: )");
37: 
38: 				AlipayTradeQueryResponse resp = result.getResponse();


An error occurred at line: [38] in the jsp file: [/trade_query.jsp]
AlipayTradeQueryResponse cannot be resolved to a type
35: 			case SUCCESS:
36: 				log.info("Êü•ËØ¢ËøîÂõûËØ•ËÆ¢ÂçïÊîØ‰ªòÊàêÂä?: )");
37: 
38: 				AlipayTradeQueryResponse resp = result.getResponse();
39: 
40: 				log.info(resp.getTradeStatus());
41: 				log.info(resp.getFundBillList());


An error occurred at line: [44] in the jsp file: [/trade_query.jsp]
FAILED cannot be resolved to a variable
41: 				log.info(resp.getFundBillList());
42: 				break;
43: 
44: 			case FAILED:
45: 				log.error("Êü•ËØ¢ËøîÂõûËØ•ËÆ¢ÂçïÊîØ‰ªòÂ§±Ë¥?!!!");
46: 				break;
47: 


An error occurred at line: [48] in the jsp file: [/trade_query.jsp]
UNKNOWN cannot be resolved to a variable
45: 				log.error("Êü•ËØ¢ËøîÂõûËØ•ËÆ¢ÂçïÊîØ‰ªòÂ§±Ë¥?!!!");
46: 				break;
47: 
48: 			case UNKNOWN:
49: 				log.error("Á≥ªÁªüÂºÇÂ∏∏ÔºåËÆ¢ÂçïÊîØ‰ªòÁä∂ÊÄÅÊú™Áü?!!!");
50: 				break;
51: 


Stacktrace:] with root cause
 org.apache.jasper.JasperException: Unable to compile class for JSP: 

An error occurred at line: [14] in the generated java file: [C:\Users\Administrator\.IntelliJIdea2018.3\system\tomcat\Unnamed_untitled\work\Catalina\localhost\untitled_war_exploded\org\apache\jsp\trade_005fquery_jsp.java]
Only a type can be imported. com.alipay.api.response.AlipayTradeQueryResponse resolves to a package

An error occurred at line: [15] in the generated java file: [C:\Users\Administrator\.IntelliJIdea2018.3\system\tomcat\Unnamed_untitled\work\Catalina\localhost\untitled_war_exploded\org\apache\jsp\trade_005fquery_jsp.java]
Only a type can be imported. com.alipay.demo.trade.config.Configs resolves to a package

An error occurred at line: [16] in the generated java file: [C:\Users\Administrator\.IntelliJIdea2018.3\system\tomcat\Unnamed_untitled\work\Catalina\localhost\untitled_war_exploded\org\apache\jsp\trade_005fquery_jsp.java]
Only a type can be imported. com.alipay.demo.trade.model.builder.AlipayTradeQueryRequestBuilder resolves to a package

An error occurred at line: [17] in the generated java file: [C:\Users\Administrator\.IntelliJIdea2018.3\system\tomcat\Unnamed_untitled\work\Catalina\localhost\untitled_war_exploded\org\apache\jsp\trade_005fquery_jsp.java]
Only a type can be imported. com.alipay.demo.trade.service.AlipayTradeService resolves to a package

An error occurred at line: [18] in the generated java file: [C:\Users\Administrator\.IntelliJIdea2018.3\system\tomcat\Unnamed_untitled\work\Catalina\localhost\untitled_war_exploded\org\apache\jsp\trade_005fquery_jsp.java]
Only a type can be imported. com.alipay.demo.trade.service.impl.AlipayTradeServiceImpl resolves to a package

An error occurred at line: [19] in the generated java file: [C:\Users\Administrator\.IntelliJIdea2018.3\system\tomcat\Unnamed_untitled\work\Catalina\localhost\untitled_war_exploded\org\apache\jsp\trade_005fquery_jsp.java]
Only a type can be imported. com.alipay.demo.trade.model.result.AlipayF2FQueryResult resolves to a package

An error occurred at line: [20] in the generated java file: [C:\Users\Administrator\.IntelliJIdea2018.3\system\tomcat\Unnamed_untitled\work\Catalina\localhost\untitled_war_exploded\org\apache\jsp\trade_005fquery_jsp.java]
Only a type can be imported. org.apache.commons.logging.Log resolves to a package

An error occurred at line: [21] in the generated java file: [C:\Users\Administrator\.IntelliJIdea2018.3\system\tomcat\Unnamed_untitled\work\Catalina\localhost\untitled_war_exploded\org\apache\jsp\trade_005fquery_jsp.java]
Only a type can be imported. org.apache.commons.logging.LogFactory resolves to a package

An error occurred at line: [21] in the jsp file: [/trade_query.jsp]
Log cannot be resolved to a type
18: <%@ page import="org.apache.commons.logging.LogFactory" %>
19: 
20: <%
21: 	Log log = LogFactory.getLog("trade_query");
22: 
23: 	if(request.getParameter("outTradeNo")!=null){
24: 		// ‰∏?ÂÆöË¶ÅÂú®ÂàõÂª∫AlipayTradeService‰πãÂâçËÆæÁΩÆÂèÇÊï∞


An error occurred at line: [21] in the jsp file: [/trade_query.jsp]
LogFactory cannot be resolved
18: <%@ page import="org.apache.commons.logging.LogFactory" %>
19: 
20: <%
21: 	Log log = LogFactory.getLog("trade_query");
22: 
23: 	if(request.getParameter("outTradeNo")!=null){
24: 		// ‰∏?ÂÆöË¶ÅÂú®ÂàõÂª∫AlipayTradeService‰πãÂâçËÆæÁΩÆÂèÇÊï∞


An error occurred at line: [25] in the jsp file: [/trade_query.jsp]
Configs cannot be resolved
22: 
23: 	if(request.getParameter("outTradeNo")!=null){
24: 		// ‰∏?ÂÆöË¶ÅÂú®ÂàõÂª∫AlipayTradeService‰πãÂâçËÆæÁΩÆÂèÇÊï∞
25: 		Configs.init("zfbinfo.properties");
26: 
27: 		AlipayTradeService tradeService = new AlipayTradeServiceImpl.ClientBuilder().build();
28: 


An error occurred at line: [27] in the jsp file: [/trade_query.jsp]
AlipayTradeService cannot be resolved to a type
24: 		// ‰∏?ÂÆöË¶ÅÂú®ÂàõÂª∫AlipayTradeService‰πãÂâçËÆæÁΩÆÂèÇÊï∞
25: 		Configs.init("zfbinfo.properties");
26: 
27: 		AlipayTradeService tradeService = new AlipayTradeServiceImpl.ClientBuilder().build();
28: 
29: 		// (ÂøÖÂ°´) ÂïÜÊà∑ËÆ¢ÂçïÂè∑ÔºåÈÄöËøáÊ≠§ÂïÜÊà∑ËÆ¢ÂçïÂè∑Êü•ËØ¢ÂΩìÈù¢‰ªòÁöÑ‰∫§ÊòìÁä∂Ê??
30: 		String outTradeNo = request.getParameter("outTradeNo");


An error occurred at line: [27] in the jsp file: [/trade_query.jsp]
AlipayTradeServiceImpl.ClientBuilder cannot be resolved to a type
24: 		// ‰∏?ÂÆöË¶ÅÂú®ÂàõÂª∫AlipayTradeService‰πãÂâçËÆæÁΩÆÂèÇÊï∞
25: 		Configs.init("zfbinfo.properties");
26: 
27: 		AlipayTradeService tradeService = new AlipayTradeServiceImpl.ClientBuilder().build();
28: 
29: 		// (ÂøÖÂ°´) ÂïÜÊà∑ËÆ¢ÂçïÂè∑ÔºåÈÄöËøáÊ≠§ÂïÜÊà∑ËÆ¢ÂçïÂè∑Êü•ËØ¢ÂΩìÈù¢‰ªòÁöÑ‰∫§ÊòìÁä∂Ê??
30: 		String outTradeNo = request.getParameter("outTradeNo");


An error occurred at line: [31] in the jsp file: [/trade_query.jsp]
AlipayTradeQueryRequestBuilder cannot be resolved to a type
28: 
29: 		// (ÂøÖÂ°´) ÂïÜÊà∑ËÆ¢ÂçïÂè∑ÔºåÈÄöËøáÊ≠§ÂïÜÊà∑ËÆ¢ÂçïÂè∑Êü•ËØ¢ÂΩìÈù¢‰ªòÁöÑ‰∫§ÊòìÁä∂Ê??
30: 		String outTradeNo = request.getParameter("outTradeNo");
31:         AlipayTradeQueryRequestBuilder builder = new AlipayTradeQueryRequestBuilder()
32:         		.setOutTradeNo(outTradeNo);
33: 		AlipayF2FQueryResult result = tradeService.queryTradeResult(builder);
34: 		switch (result.getTradeStatus()) {


An error occurred at line: [31] in the jsp file: [/trade_query.jsp]
AlipayTradeQueryRequestBuilder cannot be resolved to a type
28: 
29: 		// (ÂøÖÂ°´) ÂïÜÊà∑ËÆ¢ÂçïÂè∑ÔºåÈÄöËøáÊ≠§ÂïÜÊà∑ËÆ¢ÂçïÂè∑Êü•ËØ¢ÂΩìÈù¢‰ªòÁöÑ‰∫§ÊòìÁä∂Ê??
30: 		String outTradeNo = request.getParameter("outTradeNo");
31:         AlipayTradeQueryRequestBuilder builder = new AlipayTradeQueryRequestBuilder()
32:         		.setOutTradeNo(outTradeNo);
33: 		AlipayF2FQueryResult result = tradeService.queryTradeResult(builder);
34: 		switch (result.getTradeStatus()) {


An error occurred at line: [33] in the jsp file: [/trade_query.jsp]
AlipayF2FQueryResult cannot be resolved to a type
30: 		String outTradeNo = request.getParameter("outTradeNo");
31:         AlipayTradeQueryRequestBuilder builder = new AlipayTradeQueryRequestBuilder()
32:         		.setOutTradeNo(outTradeNo);
33: 		AlipayF2FQueryResult result = tradeService.queryTradeResult(builder);
34: 		switch (result.getTradeStatus()) {
35: 			case SUCCESS:
36: 				log.info("Êü•ËØ¢ËøîÂõûËØ•ËÆ¢ÂçïÊîØ‰ªòÊàêÂä?: )");


An error occurred at line: [35] in the jsp file: [/trade_query.jsp]
SUCCESS cannot be resolved to a variable
32:         		.setOutTradeNo(outTradeNo);
33: 		AlipayF2FQueryResult result = tradeService.queryTradeResult(builder);
34: 		switch (result.getTradeStatus()) {
35: 			case SUCCESS:
36: 				log.info("Êü•ËØ¢ËøîÂõûËØ•ËÆ¢ÂçïÊîØ‰ªòÊàêÂä?: )");
37: 
38: 				AlipayTradeQueryResponse resp = result.getResponse();


An error occurred at line: [38] in the jsp file: [/trade_query.jsp]
AlipayTradeQueryResponse cannot be resolved to a type
35: 			case SUCCESS:
36: 				log.info("Êü•ËØ¢ËøîÂõûËØ•ËÆ¢ÂçïÊîØ‰ªòÊàêÂä?: )");
37: 
38: 				AlipayTradeQueryResponse resp = result.getResponse();
39: 
40: 				log.info(resp.getTradeStatus());
41: 				log.info(resp.getFundBillList());


An error occurred at line: [44] in the jsp file: [/trade_query.jsp]
FAILED cannot be resolved to a variable
41: 				log.info(resp.getFundBillList());
42: 				break;
43: 
44: 			case FAILED:
45: 				log.error("Êü•ËØ¢ËøîÂõûËØ•ËÆ¢ÂçïÊîØ‰ªòÂ§±Ë¥?!!!");
46: 				break;
47: 


An error occurred at line: [48] in the jsp file: [/trade_query.jsp]
UNKNOWN cannot be resolved to a variable
45: 				log.error("Êü•ËØ¢ËøîÂõûËØ•ËÆ¢ÂçïÊîØ‰ªòÂ§±Ë¥?!!!");
46: 				break;
47: 
48: 			case UNKNOWN:
49: 				log.error("Á≥ªÁªüÂºÇÂ∏∏ÔºåËÆ¢ÂçïÊîØ‰ªòÁä∂ÊÄÅÊú™Áü?!!!");
50: 				break;
51: 


Stacktrace:
	at org.apache.jasper.compiler.DefaultErrorHandler.javacError(DefaultErrorHandler.java:102)
	at org.apache.jasper.compiler.ErrorDispatcher.javacError(ErrorDispatcher.java:212)
	at org.apache.jasper.compiler.JDTCompiler.generateClass(JDTCompiler.java:457)
	at org.apache.jasper.compiler.Compiler.compile(Compiler.java:379)
	at org.apache.jasper.compiler.Compiler.compile(Compiler.java:351)
	at org.apache.jasper.compiler.Compiler.compile(Compiler.java:335)
	at org.apache.jasper.JspCompilationContext.compile(JspCompilationContext.java:595)
	at org.apache.jasper.servlet.JspServletWrapper.service(JspServletWrapper.java:368)
	at org.apache.jasper.servlet.JspServlet.serviceJspFile(JspServlet.java:386)
	at org.apache.jasper.servlet.JspServlet.service(JspServlet.java:330)
	at javax.servlet.http.HttpServlet.service(HttpServlet.java:742)
	at org.apache.catalina.core.ApplicationFilterChain.internalDoFilter(ApplicationFilterChain.java:231)
	at org.apache.catalina.core.ApplicationFilterChain.doFilter(ApplicationFilterChain.java:166)
	at org.apache.tomcat.websocket.server.WsFilter.doFilter(WsFilter.java:52)
	at org.apache.catalina.core.ApplicationFilterChain.internalDoFilter(ApplicationFilterChain.java:193)
	at org.apache.catalina.core.ApplicationFilterChain.doFilter(ApplicationFilterChain.java:166)
	at org.apache.catalina.core.StandardWrapperValve.invoke(StandardWrapperValve.java:198)
	at org.apache.catalina.core.StandardContextValve.invoke(StandardContextValve.java:96)
	at org.apache.catalina.authenticator.AuthenticatorBase.invoke(AuthenticatorBase.java:496)
	at org.apache.catalina.core.StandardHostValve.invoke(StandardHostValve.java:140)
	at org.apache.catalina.valves.ErrorReportValve.invoke(ErrorReportValve.java:81)
	at org.apache.catalina.valves.AbstractAccessLogValve.invoke(AbstractAccessLogValve.java:650)
	at org.apache.catalina.core.StandardEngineValve.invoke(StandardEngineValve.java:87)
	at org.apache.catalina.connector.CoyoteAdapter.service(CoyoteAdapter.java:342)
	at org.apache.coyote.http11.Http11Processor.service(Http11Processor.java:803)
	at org.apache.coyote.AbstractProcessorLight.process(AbstractProcessorLight.java:66)
	at org.apache.coyote.AbstractProtocol$ConnectionHandler.process(AbstractProtocol.java:790)
	at org.apache.tomcat.util.net.NioEndpoint$SocketProcessor.doRun(NioEndpoint.java:1459)
	at org.apache.tomcat.util.net.SocketProcessorBase.run(SocketProcessorBase.java:49)
	at java.util.concurrent.ThreadPoolExecutor.runWorker(ThreadPoolExecutor.java:1149)
	at java.util.concurrent.ThreadPoolExecutor$Worker.run(ThreadPoolExecutor.java:624)
	at org.apache.tomcat.util.threads.TaskThread$WrappingRunnable.run(TaskThread.java:61)
	at java.lang.Thread.run(Thread.java:748)

